{"D:\\Node\\ch11\\nodebird\\controllers\\user.js": {"path":"D:\\Node\\ch11\\nodebird\\controllers\\user.js","statementMap":{"0":{"start":{"line":1,"column":13},"end":{"line":1,"column":38}},"1":{"start":{"line":2,"column":18},"end":{"line":2,"column":46}},"2":{"start":{"line":3,"column":29},"end":{"line":3,"column":56}},"3":{"start":{"line":5,"column":0},"end":{"line":23,"column":1}},"4":{"start":{"line":7,"column":15},"end":{"line":7,"column":26}},"5":{"start":{"line":8,"column":21},"end":{"line":8,"column":34}},"6":{"start":{"line":10,"column":4},"end":{"line":10,"column":58}},"7":{"start":{"line":12,"column":4},"end":{"line":22,"column":5}},"8":{"start":{"line":13,"column":23},"end":{"line":13,"column":48}},"9":{"start":{"line":14,"column":8},"end":{"line":18,"column":9}},"10":{"start":{"line":15,"column":12},"end":{"line":15,"column":32}},"11":{"start":{"line":16,"column":15},"end":{"line":18,"column":9}},"12":{"start":{"line":17,"column":12},"end":{"line":17,"column":44}},"13":{"start":{"line":20,"column":8},"end":{"line":20,"column":29}},"14":{"start":{"line":21,"column":8},"end":{"line":21,"column":20}},"15":{"start":{"line":25,"column":0},"end":{"line":42,"column":1}},"16":{"start":{"line":26,"column":15},"end":{"line":26,"column":26}},"17":{"start":{"line":27,"column":23},"end":{"line":27,"column":36}},"18":{"start":{"line":29,"column":4},"end":{"line":29,"column":55}},"19":{"start":{"line":31,"column":4},"end":{"line":41,"column":5}},"20":{"start":{"line":32,"column":23},"end":{"line":32,"column":52}},"21":{"start":{"line":33,"column":8},"end":{"line":37,"column":9}},"22":{"start":{"line":34,"column":12},"end":{"line":34,"column":32}},"23":{"start":{"line":35,"column":15},"end":{"line":37,"column":9}},"24":{"start":{"line":36,"column":12},"end":{"line":36,"column":44}},"25":{"start":{"line":39,"column":8},"end":{"line":39,"column":29}},"26":{"start":{"line":40,"column":8},"end":{"line":40,"column":20}}},"fnMap":{"0":{"name":"(anonymous_0)","decl":{"start":{"line":5,"column":17},"end":{"line":5,"column":18}},"loc":{"start":{"line":5,"column":41},"end":{"line":23,"column":1}},"line":5},"1":{"name":"(anonymous_1)","decl":{"start":{"line":25,"column":19},"end":{"line":25,"column":20}},"loc":{"start":{"line":25,"column":43},"end":{"line":42,"column":1}},"line":25}},"branchMap":{"0":{"loc":{"start":{"line":14,"column":8},"end":{"line":18,"column":9}},"type":"if","locations":[{"start":{"line":14,"column":8},"end":{"line":18,"column":9}},{"start":{"line":16,"column":15},"end":{"line":18,"column":9}}],"line":14},"1":{"loc":{"start":{"line":16,"column":15},"end":{"line":18,"column":9}},"type":"if","locations":[{"start":{"line":16,"column":15},"end":{"line":18,"column":9}},{"start":{},"end":{}}],"line":16},"2":{"loc":{"start":{"line":33,"column":8},"end":{"line":37,"column":9}},"type":"if","locations":[{"start":{"line":33,"column":8},"end":{"line":37,"column":9}},{"start":{"line":35,"column":15},"end":{"line":37,"column":9}}],"line":33},"3":{"loc":{"start":{"line":35,"column":15},"end":{"line":37,"column":9}},"type":"if","locations":[{"start":{"line":35,"column":15},"end":{"line":37,"column":9}},{"start":{},"end":{}}],"line":35}},"s":{"0":1,"1":1,"2":1,"3":1,"4":3,"5":3,"6":3,"7":3,"8":3,"9":2,"10":1,"11":1,"12":1,"13":1,"14":1,"15":1,"16":3,"17":3,"18":3,"19":3,"20":3,"21":2,"22":1,"23":1,"24":1,"25":1,"26":1},"f":{"0":3,"1":3},"b":{"0":[1,1],"1":[1,0],"2":[1,1],"3":[1,0]},"_coverageSchema":"1a1c01bbd47fc00a2c39e90264f33305004495a9","hash":"1fb234fed26b400b58fbc7c6bf830afee3445940"}
,"D:\\Node\\ch11\\nodebird\\middlewares\\index.js": {"path":"D:\\Node\\ch11\\nodebird\\middlewares\\index.js","statementMap":{"0":{"start":{"line":1,"column":0},"end":{"line":8,"column":1}},"1":{"start":{"line":3,"column":4},"end":{"line":7,"column":5}},"2":{"start":{"line":4,"column":8},"end":{"line":4,"column":15}},"3":{"start":{"line":6,"column":8},"end":{"line":6,"column":39}},"4":{"start":{"line":10,"column":0},"end":{"line":17,"column":1}},"5":{"start":{"line":11,"column":4},"end":{"line":16,"column":5}},"6":{"start":{"line":12,"column":8},"end":{"line":12,"column":15}},"7":{"start":{"line":14,"column":24},"end":{"line":14,"column":57}},"8":{"start":{"line":15,"column":8},"end":{"line":15,"column":43}}},"fnMap":{"0":{"name":"(anonymous_0)","decl":{"start":{"line":1,"column":21},"end":{"line":1,"column":22}},"loc":{"start":{"line":1,"column":38},"end":{"line":8,"column":1}},"line":1},"1":{"name":"(anonymous_1)","decl":{"start":{"line":10,"column":24},"end":{"line":10,"column":25}},"loc":{"start":{"line":10,"column":42},"end":{"line":17,"column":1}},"line":10}},"branchMap":{"0":{"loc":{"start":{"line":3,"column":4},"end":{"line":7,"column":5}},"type":"if","locations":[{"start":{"line":3,"column":4},"end":{"line":7,"column":5}},{"start":{"line":5,"column":11},"end":{"line":7,"column":5}}],"line":3},"1":{"loc":{"start":{"line":11,"column":4},"end":{"line":16,"column":5}},"type":"if","locations":[{"start":{"line":11,"column":4},"end":{"line":16,"column":5}},{"start":{"line":13,"column":11},"end":{"line":16,"column":5}}],"line":11}},"s":{"0":1,"1":2,"2":1,"3":1,"4":1,"5":2,"6":1,"7":1,"8":1},"f":{"0":2,"1":2},"b":{"0":[1,1],"1":[1,1]},"_coverageSchema":"1a1c01bbd47fc00a2c39e90264f33305004495a9","hash":"e41ced7481bb9cd6e9aec8d57bfdbc0cddc7b5dc"}
,"D:\\Node\\ch11\\nodebird\\models\\user.js": {"path":"D:\\Node\\ch11\\nodebird\\models\\user.js","statementMap":{"0":{"start":{"line":1,"column":18},"end":{"line":1,"column":38}},"1":{"start":{"line":5,"column":8},"end":{"line":37,"column":10}},"2":{"start":{"line":41,"column":8},"end":{"line":41,"column":33}},"3":{"start":{"line":42,"column":8},"end":{"line":46,"column":11}},"4":{"start":{"line":47,"column":8},"end":{"line":51,"column":11}},"5":{"start":{"line":52,"column":8},"end":{"line":55,"column":10}},"6":{"start":{"line":59,"column":0},"end":{"line":59,"column":22}}},"fnMap":{"0":{"name":"(anonymous_0)","decl":{"start":{"line":4,"column":4},"end":{"line":4,"column":5}},"loc":{"start":{"line":4,"column":30},"end":{"line":38,"column":5}},"line":4},"1":{"name":"(anonymous_1)","decl":{"start":{"line":40,"column":4},"end":{"line":40,"column":5}},"loc":{"start":{"line":40,"column":24},"end":{"line":56,"column":5}},"line":40}},"branchMap":{},"s":{"0":4,"1":1,"2":1,"3":1,"4":1,"5":1,"6":4},"f":{"0":1,"1":1},"b":{},"_coverageSchema":"1a1c01bbd47fc00a2c39e90264f33305004495a9","hash":"97bf469253b2f8719dbe4a2425e8bff0fce8eec0"}
,"D:\\Node\\ch11\\nodebird\\passport\\cache.js": {"path":"D:\\Node\\ch11\\nodebird\\passport\\cache.js","statementMap":{"0":{"start":{"line":1,"column":18},"end":{"line":1,"column":20}},"1":{"start":{"line":3,"column":0},"end":{"line":3,"column":27}}},"fnMap":{},"branchMap":{},"s":{"0":3,"1":3},"f":{},"b":{},"_coverageSchema":"1a1c01bbd47fc00a2c39e90264f33305004495a9","hash":"c637c39f7d00d7edd84dce3f6f3271f9acd4de2b"}
,"D:\\Node\\ch11\\nodebird\\services\\user.js": {"path":"D:\\Node\\ch11\\nodebird\\services\\user.js","statementMap":{"0":{"start":{"line":1,"column":13},"end":{"line":1,"column":38}},"1":{"start":{"line":2,"column":18},"end":{"line":2,"column":46}},"2":{"start":{"line":4,"column":0},"end":{"line":13,"column":1}},"3":{"start":{"line":5,"column":17},"end":{"line":5,"column":49}},"4":{"start":{"line":6,"column":4},"end":{"line":12,"column":5}},"5":{"start":{"line":7,"column":8},"end":{"line":7,"column":55}},"6":{"start":{"line":8,"column":8},"end":{"line":8,"column":29}},"7":{"start":{"line":9,"column":8},"end":{"line":9,"column":20}},"8":{"start":{"line":11,"column":8},"end":{"line":11,"column":25}},"9":{"start":{"line":15,"column":0},"end":{"line":24,"column":1}},"10":{"start":{"line":16,"column":17},"end":{"line":16,"column":49}},"11":{"start":{"line":18,"column":4},"end":{"line":23,"column":5}},"12":{"start":{"line":19,"column":8},"end":{"line":19,"column":48}},"13":{"start":{"line":20,"column":8},"end":{"line":20,"column":20}},"14":{"start":{"line":22,"column":8},"end":{"line":22,"column":25}}},"fnMap":{"0":{"name":"(anonymous_0)","decl":{"start":{"line":4,"column":17},"end":{"line":4,"column":18}},"loc":{"start":{"line":4,"column":39},"end":{"line":13,"column":1}},"line":4},"1":{"name":"(anonymous_1)","decl":{"start":{"line":15,"column":19},"end":{"line":15,"column":20}},"loc":{"start":{"line":15,"column":44},"end":{"line":24,"column":1}},"line":15}},"branchMap":{"0":{"loc":{"start":{"line":6,"column":4},"end":{"line":12,"column":5}},"type":"if","locations":[{"start":{"line":6,"column":4},"end":{"line":12,"column":5}},{"start":{"line":10,"column":11},"end":{"line":12,"column":5}}],"line":6},"1":{"loc":{"start":{"line":18,"column":4},"end":{"line":23,"column":5}},"type":"if","locations":[{"start":{"line":18,"column":4},"end":{"line":23,"column":5}},{"start":{"line":21,"column":11},"end":{"line":23,"column":5}}],"line":18}},"s":{"0":2,"1":2,"2":2,"3":2,"4":2,"5":1,"6":1,"7":1,"8":1,"9":2,"10":2,"11":2,"12":1,"13":1,"14":1},"f":{"0":2,"1":2},"b":{"0":[1,1],"1":[1,1]},"_coverageSchema":"1a1c01bbd47fc00a2c39e90264f33305004495a9","hash":"bda6ff08a0df11edbe783d01238bfa4f62080c47"}
}
