TN:
SF:controllers\user.js
FN:5,(anonymous_0)
FN:25,(anonymous_1)
FNF:2
FNH:2
FNDA:3,(anonymous_0)
FNDA:3,(anonymous_1)
DA:1,1
DA:2,1
DA:3,1
DA:5,1
DA:7,3
DA:8,3
DA:10,3
DA:12,3
DA:13,3
DA:14,2
DA:15,1
DA:16,1
DA:17,1
DA:20,1
DA:21,1
DA:25,1
DA:26,3
DA:27,3
DA:29,3
DA:31,3
DA:32,3
DA:33,2
DA:34,1
DA:35,1
DA:36,1
DA:39,1
DA:40,1
LF:27
LH:27
BRDA:14,0,0,1
BRDA:14,0,1,1
BRDA:16,1,0,1
BRDA:16,1,1,0
BRDA:33,2,0,1
BRDA:33,2,1,1
BRDA:35,3,0,1
BRDA:35,3,1,0
BRF:8
BRH:6
end_of_record
TN:
SF:middlewares\index.js
FN:1,(anonymous_0)
FN:10,(anonymous_1)
FNF:2
FNH:2
FNDA:2,(anonymous_0)
FNDA:2,(anonymous_1)
DA:1,1
DA:3,2
DA:4,1
DA:6,1
DA:10,1
DA:11,2
DA:12,1
DA:14,1
DA:15,1
LF:9
LH:9
BRDA:3,0,0,1
BRDA:3,0,1,1
BRDA:11,1,0,1
BRDA:11,1,1,1
BRF:4
BRH:4
end_of_record
TN:
SF:models\user.js
FN:4,(anonymous_0)
FN:40,(anonymous_1)
FNF:2
FNH:2
FNDA:1,(anonymous_0)
FNDA:1,(anonymous_1)
DA:1,4
DA:5,1
DA:41,1
DA:42,1
DA:47,1
DA:52,1
DA:59,4
LF:7
LH:7
BRF:0
BRH:0
end_of_record
TN:
SF:passport\cache.js
FNF:0
FNH:0
DA:1,3
DA:3,3
LF:2
LH:2
BRF:0
BRH:0
end_of_record
TN:
SF:services\user.js
FN:4,(anonymous_0)
FN:15,(anonymous_1)
FNF:2
FNH:2
FNDA:2,(anonymous_0)
FNDA:2,(anonymous_1)
DA:1,2
DA:2,2
DA:4,2
DA:5,2
DA:6,2
DA:7,1
DA:8,1
DA:9,1
DA:11,1
DA:15,2
DA:16,2
DA:18,2
DA:19,1
DA:20,1
DA:22,1
LF:15
LH:15
BRDA:6,0,0,1
BRDA:6,0,1,1
BRDA:18,1,0,1
BRDA:18,1,1,1
BRF:4
BRH:4
end_of_record
